21:09:49: Creating resource group General
21:09:49: Creating resource group Internal
21:09:49: Creating resource group Autodetect
21:09:49: SceneManagerFactory for type 'DefaultSceneManager' registered.
21:09:49: Registering ResourceManager for type Material
21:09:49: Registering ResourceManager for type Mesh
21:09:49: Registering ResourceManager for type Skeleton
21:09:49: MovableObjectFactory for type 'ParticleSystem' registered.
21:09:49: OverlayElementFactory for type Panel registered.
21:09:49: OverlayElementFactory for type BorderPanel registered.
21:09:49: OverlayElementFactory for type TextArea registered.
21:09:49: Registering ResourceManager for type Font
21:09:49: ArchiveFactory for archive type FileSystem registered.
21:09:49: ArchiveFactory for archive type Zip registered.
21:09:49: FreeImage version: 3.15.3
21:09:49: This program uses FreeImage, a free, open source image library supporting all common bitmap formats. See http://freeimage.sourceforge.net for details
21:09:49: Supported formats: bmp,ico,jpg,jif,jpeg,jpe,jng,koa,iff,lbm,mng,pbm,pbm,pcd,pcx,pgm,pgm,png,ppm,ppm,ras,tga,targa,tif,tiff,wap,wbmp,wbm,psd,cut,xbm,xpm,gif,hdr,g3,sgi,exr,j2k,j2c,jp2,pfm,pct,pict,pic,3fr,arw,bay,bmq,cap,cine,cr2,crw,cs1,dc2,dcr,drf,dsc,dng,erf,fff,ia,iiq,k25,kc2,kdc,mdc,mef,mos,mrw,nef,nrw,orf,pef,ptx,pxn,qtk,raf,raw,rdc,rw2,rwl,rwz,sr2,srf,srw,sti
21:09:49: Registering ResourceManager for type HighLevelGpuProgram
21:09:49: Registering ResourceManager for type Compositor
21:09:49: MovableObjectFactory for type 'Entity' registered.
21:09:49: MovableObjectFactory for type 'Light' registered.
21:09:49: MovableObjectFactory for type 'BillboardSet' registered.
21:09:49: MovableObjectFactory for type 'ManualObject' registered.
21:09:49: MovableObjectFactory for type 'BillboardChain' registered.
21:09:49: MovableObjectFactory for type 'RibbonTrail' registered.
21:09:49: Loading library ./Plugins/RenderSystem_Direct3D9
21:09:49: Installing plugin: D3D9 RenderSystem
21:09:49: D3D9 : Direct3D9 Rendering Subsystem created.
21:09:49: D3D9: Driver Detection Starts
21:09:49: D3D9: Driver Detection Ends
21:09:49: Plugin successfully installed
21:09:49: Loading library ./Plugins/RenderSystem_GL
21:09:49: Installing plugin: GL RenderSystem
21:09:49: OpenGL Rendering Subsystem created.
21:09:49: Plugin successfully installed
21:09:49: Loading library ./Plugins/Plugin_ParticleFX
21:09:49: Installing plugin: ParticleFX
21:09:49: Particle Emitter Type 'Point' registered
21:09:49: Particle Emitter Type 'Box' registered
21:09:49: Particle Emitter Type 'Ellipsoid' registered
21:09:49: Particle Emitter Type 'Cylinder' registered
21:09:49: Particle Emitter Type 'Ring' registered
21:09:49: Particle Emitter Type 'HollowEllipsoid' registered
21:09:49: Particle Affector Type 'LinearForce' registered
21:09:49: Particle Affector Type 'ColourFader' registered
21:09:49: Particle Affector Type 'ColourFader2' registered
21:09:49: Particle Affector Type 'ColourImage' registered
21:09:49: Particle Affector Type 'ColourInterpolator' registered
21:09:49: Particle Affector Type 'Scaler' registered
21:09:49: Particle Affector Type 'Rotator' registered
21:09:49: Particle Affector Type 'DirectionRandomiser' registered
21:09:49: Particle Affector Type 'DeflectorPlane' registered
21:09:49: Plugin successfully installed
21:09:49: Loading library ./Plugins/Plugin_BSPSceneManager
21:09:49: Installing plugin: BSP Scene Manager
21:09:49: Plugin successfully installed
21:09:49: Loading library ./Plugins/Plugin_OctreeSceneManager
21:09:49: Installing plugin: Octree & Terrain Scene Manager
21:09:49: Plugin successfully installed
21:09:49: Loading library ./Plugins/Plugin_CgProgramManager
21:09:49: Installing plugin: Cg Program Manager
21:09:49: Plugin successfully installed
21:09:49: *-*-* OGRE Initialising
21:09:49: *-*-* Version 1.7.4 (Cthugha)
21:09:49: D3D9 : RenderSystem Option: Allow NVPerfHUD = No
21:09:49: D3D9 : RenderSystem Option: FSAA = 0
21:09:49: D3D9 : RenderSystem Option: Floating-point mode = Consistent
21:09:49: D3D9 : RenderSystem Option: Full Screen = No
21:09:49: D3D9 : RenderSystem Option: Rendering Device = Monitor-1-Intel(R) HD Graphics 4000
21:09:49: D3D9 : RenderSystem Option: Resource Creation Policy = Create on all devices
21:09:49: D3D9 : RenderSystem Option: VSync = No
21:09:49: D3D9 : RenderSystem Option: VSync Interval = 1
21:09:49: D3D9 : RenderSystem Option: Video Mode = 800 x 600 @ 32-bit colour
21:09:49: D3D9 : RenderSystem Option: sRGB Gamma Conversion = No
21:09:49: CPU Identifier & Features
21:09:49: -------------------------
21:09:49:  *   CPU ID: GenuineIntel: Intel(R) Core(TM) i5-3230M CPU @ 2.60GHz
21:09:49:  *      SSE: yes
21:09:49:  *     SSE2: yes
21:09:49:  *     SSE3: yes
21:09:49:  *      MMX: yes
21:09:49:  *   MMXEXT: yes
21:09:49:  *    3DNOW: no
21:09:49:  * 3DNOWEXT: no
21:09:49:  *     CMOV: yes
21:09:49:  *      TSC: yes
21:09:49:  *      FPU: yes
21:09:49:  *      PRO: yes
21:09:49:  *       HT: no
21:09:49: -------------------------
21:09:49: D3D9 : Subsystem Initialising
21:09:49: Registering ResourceManager for type Texture
21:09:49: Registering ResourceManager for type GpuProgram
21:09:49: D3D9RenderSystem::_createRenderWindow "AMOFGameEngine Demo", 800x600 windowed  miscParams: FSAA=0 FSAAHint= colourDepth=32 gamma=false monitorIndex=0 useNVPerfHUD=false vsync=false vsyncInterval=1 
21:09:49: D3D9 : Created D3D9 Rendering Window 'AMOFGameEngine Demo' : 800x600, 32bpp
21:09:49: D3D9 : WARNING - disabling VSync in windowed mode can cause timing issues at lower frame rates, turn VSync on if you observe this problem.
21:09:49: D3D9: Vertex texture format supported - PF_A8R8G8B8
21:09:49: D3D9: Vertex texture format supported - PF_B8G8R8A8
21:09:49: D3D9: Vertex texture format supported - PF_FLOAT16_RGB
21:09:49: D3D9: Vertex texture format supported - PF_FLOAT16_RGBA
21:09:49: D3D9: Vertex texture format supported - PF_FLOAT32_RGB
21:09:49: D3D9: Vertex texture format supported - PF_FLOAT32_RGBA
21:09:49: D3D9: Vertex texture format supported - PF_R8G8B8A8
21:09:49: D3D9: Vertex texture format supported - PF_DEPTH
21:09:49: D3D9: Vertex texture format supported - PF_FLOAT16_R
21:09:49: D3D9: Vertex texture format supported - PF_FLOAT32_R
21:09:49: D3D9: Vertex texture format supported - PF_FLOAT16_GR
21:09:49: D3D9: Vertex texture format supported - PF_FLOAT32_GR
21:09:49: D3D9: Vertex texture format supported - PF_PVRTC_RGB2
21:09:49: D3D9: Vertex texture format supported - PF_PVRTC_RGBA2
21:09:49: D3D9: Vertex texture format supported - PF_PVRTC_RGB4
21:09:49: D3D9: Vertex texture format supported - PF_PVRTC_RGBA4
21:09:49: RenderSystem capabilities
21:09:49: -------------------------
21:09:49: RenderSystem Name: Direct3D9 Rendering Subsystem
21:09:49: GPU Vendor: intel
21:09:49: Device Name: Monitor-1-Intel(R) HD Graphics 4000
21:09:49: Driver Version: 10.18.13.6143
21:09:49:  * Fixed function pipeline: yes
21:09:49:  * Hardware generation of mipmaps: yes
21:09:49:  * Texture blending: yes
21:09:49:  * Anisotropic texture filtering: yes
21:09:49:  * Dot product texture operation: yes
21:09:49:  * Cube mapping: yes
21:09:49:  * Hardware stencil buffer: yes
21:09:49:    - Stencil depth: 8
21:09:49:    - Two sided stencil support: yes
21:09:49:    - Wrap stencil values: yes
21:09:49:  * Hardware vertex / index buffers: yes
21:09:49:  * Vertex programs: yes
21:09:49:  * Number of floating-point constants for vertex programs: 256
21:09:49:  * Number of integer constants for vertex programs: 16
21:09:49:  * Number of boolean constants for vertex programs: 16
21:09:49:  * Fragment programs: yes
21:09:49:  * Number of floating-point constants for fragment programs: 224
21:09:49:  * Number of integer constants for fragment programs: 16
21:09:49:  * Number of boolean constants for fragment programs: 16
21:09:49:  * Geometry programs: no
21:09:49:  * Number of floating-point constants for geometry programs: 14388
21:09:49:  * Number of integer constants for geometry programs: 48
21:09:49:  * Number of boolean constants for geometry programs: 0
21:09:49:  * Supported Shader Profiles: hlsl ps_1_1 ps_1_2 ps_1_3 ps_1_4 ps_2_0 ps_2_a ps_2_b ps_2_x ps_3_0 vs_1_1 vs_2_0 vs_2_a vs_2_x vs_3_0
21:09:49:  * Texture Compression: yes
21:09:49:    - DXT: yes
21:09:49:    - VTC: no
21:09:49:    - PVRTC: no
21:09:49:  * Scissor Rectangle: yes
21:09:49:  * Hardware Occlusion Query: yes
21:09:49:  * User clip planes: yes
21:09:49:  * VET_UBYTE4 vertex element type: yes
21:09:49:  * Infinite far plane projection: yes
21:09:49:  * Hardware render-to-texture: yes
21:09:49:  * Floating point textures: yes
21:09:49:  * Non-power-of-two textures: yes
21:09:49:  * Volume textures: yes
21:09:49:  * Multiple Render Targets: 4
21:09:49:    - With different bit depths: yes
21:09:49:  * Point Sprites: yes
21:09:49:  * Extended point parameters: yes
21:09:49:  * Max Point Size: 10
21:09:49:  * Vertex texture fetch: yes
21:09:49:  * Number of world matrices: 0
21:09:49:  * Number of texture units: 8
21:09:49:  * Stencil buffer depth: 8
21:09:49:  * Number of vertex blend matrices: 0
21:09:49:    - Max vertex textures: 4
21:09:49:    - Vertex textures shared: no
21:09:49:  * Render to Vertex Buffer : no
21:09:49:  * DirectX per stage constants: yes
21:09:49: ***************************************
21:09:49: *** D3D9 : Subsystem Initialised OK ***
21:09:49: ***************************************
21:09:49: DefaultWorkQueue('Root') initialising on thread main.
21:09:49: Particle Renderer Type 'billboard' registered
21:09:49: SceneManagerFactory for type 'BspSceneManager' registered.
21:09:49: Registering ResourceManager for type BspLevel
21:09:49: SceneManagerFactory for type 'OctreeSceneManager' registered.
21:09:49: SceneManagerFactory for type 'TerrainSceneManager' registered.
21:09:49: Creating resource group Bootstrap
21:09:49: Added resource location './media/packs/SdkTrays.zip' of type 'Zip' to resource group 'Bootstrap'
21:09:49: Creating resource group Essential
21:09:49: Added resource location './Media/thumbnails' of type 'FileSystem' to resource group 'Essential'
21:09:49: Added resource location './Media/models' of type 'FileSystem' to resource group 'General'
21:09:49: Added resource location './Media/cube_scene' of type 'FileSystem' to resource group 'General'
21:09:49: Added resource location './Media/materials/scripts' of type 'FileSystem' to resource group 'General'
21:09:49: Added resource location './Media/materials/textures' of type 'FileSystem' to resource group 'General'
21:09:49: Added resource location './Media/packs/cubemapsJS.zip' of type 'Zip' to resource group 'General'
21:09:49: Added resource location './Media/packs/Sinbad.zip' of type 'Zip' to resource group 'General'
21:09:49: Added resource location './Media/packs/nxogre.zip' of type 'Zip' to resource group 'General'
21:09:49: Parsing scripts for resource group Autodetect
21:09:49: Finished parsing scripts for resource group Autodetect
21:09:49: Parsing scripts for resource group Bootstrap
21:09:49: Parsing script SdkTrays.material
21:09:49: Parsing script SdkTrays.fontdef
21:09:49: Parsing script SdkTrays.overlay
21:09:49: Bad element attribute line: '# you can offset the image to change the cursor "hotspot"' for element SdkTrays/Cursor in overlay 
21:09:49: Texture: sdk_cursor.png: Loading 1 faces(PF_A8R8G8B8,32x32x1) with  hardware generated mipmaps from Image. Internal format is PF_A8R8G8B8,32x32x1.
21:09:49: Texture: sdk_tray.png: Loading 1 faces(PF_A8R8G8B8,64x64x1) with  hardware generated mipmaps from Image. Internal format is PF_A8R8G8B8,64x64x1.
21:09:49: Texture: sdk_button_up.png: Loading 1 faces(PF_A8R8G8B8,128x32x1) with  hardware generated mipmaps from Image. Internal format is PF_A8R8G8B8,128x32x1.
21:09:49: Texture: sdk_text_box.png: Loading 1 faces(PF_A8R8G8B8,32x32x1) with  hardware generated mipmaps from Image. Internal format is PF_A8R8G8B8,32x32x1.
21:09:49: Texture: sdk_mini_tray.png: Loading 1 faces(PF_A8R8G8B8,32x32x1) with  hardware generated mipmaps from Image. Internal format is PF_A8R8G8B8,32x32x1.
21:09:49: Texture: sdk_track.png: Loading 1 faces(PF_A8R8G8B8,16x32x1) with  hardware generated mipmaps from Image. Internal format is PF_A8R8G8B8,16x32x1.
21:09:49: Texture: sdk_handle.png: Loading 1 faces(PF_A8R8G8B8,16x16x1) with  hardware generated mipmaps from Image. Internal format is PF_A8R8G8B8,16x16x1.
21:09:49: Texture: sdk_mini_text_box.png: Loading 1 faces(PF_A8R8G8B8,32x32x1) with  hardware generated mipmaps from Image. Internal format is PF_A8R8G8B8,32x32x1.
21:09:49: Texture: sdk_label.png: Loading 1 faces(PF_A8R8G8B8,32x32x1) with  hardware generated mipmaps from Image. Internal format is PF_A8R8G8B8,32x32x1.
21:09:49: Texture: sdk_separator.png: Loading 1 faces(PF_A8R8G8B8,64x16x1) with  hardware generated mipmaps from Image. Internal format is PF_A8R8G8B8,64x16x1.
21:09:49: Texture: sdk_logo.png: Loading 1 faces(PF_A8R8G8B8,128x64x1) with  hardware generated mipmaps from Image. Internal format is PF_A8R8G8B8,128x64x1.
21:09:49: Texture: sdk_shade.png: Loading 1 faces(PF_A8R8G8B8,64x48x1) with 5 generated mipmaps from Image. Internal format is PF_A8R8G8B8,64x48x1.
21:09:49: Texture: sdk_frame.png: Loading 1 faces(PF_A8R8G8B8,32x32x1) with  hardware generated mipmaps from Image. Internal format is PF_A8R8G8B8,32x32x1.
21:09:49: Texture: sdk_mini_text_box_over.png: Loading 1 faces(PF_A8R8G8B8,32x32x1) with  hardware generated mipmaps from Image. Internal format is PF_A8R8G8B8,32x32x1.
21:09:49: Texture: sdk_pulse.png: Loading 1 faces(PF_R8G8B8,8x1x1) with  hardware generated mipmaps from Image. Internal format is PF_X8R8G8B8,8x1x1.
21:09:49: Finished parsing scripts for resource group Bootstrap
21:09:49: Parsing scripts for resource group Essential
21:09:49: Finished parsing scripts for resource group Essential
21:09:49: Parsing scripts for resource group General
21:09:49: Parsing script Scene.material
21:09:49: Parsing script Examples.material
21:09:49: Compiler error: reference to a non existing object in Examples.material(253)
21:09:49: OGRE EXCEPTION(6:FileNotFoundException): Cannot locate resource hdr.cg in resource group General or any other group. in ResourceGroupManager::openResource at D:\Mogre BUILD 2012-10\BuildOutput\Main\OgreSrc\ogre\OgreMain\src\OgreResourceGroupManager.cpp (line 753)
21:09:49: High-level program Examples/MorningSkyBoxHDRfp encountered an error during loading and is thus not supported.
OGRE EXCEPTION(6:FileNotFoundException): Cannot locate resource hdr.cg in resource group General or any other group. in ResourceGroupManager::openResource at D:\Mogre BUILD 2012-10\BuildOutput\Main\OgreSrc\ogre\OgreMain\src\OgreResourceGroupManager.cpp (line 753)
21:09:49: OGRE EXCEPTION(6:FileNotFoundException): Cannot locate resource hdr.cg in resource group General or any other group. in ResourceGroupManager::openResource at D:\Mogre BUILD 2012-10\BuildOutput\Main\OgreSrc\ogre\OgreMain\src\OgreResourceGroupManager.cpp (line 753)
21:09:49: High-level program Examples/MorningCubeMapHDRfp encountered an error during loading and is thus not supported.
OGRE EXCEPTION(6:FileNotFoundException): Cannot locate resource hdr.cg in resource group General or any other group. in ResourceGroupManager::openResource at D:\Mogre BUILD 2012-10\BuildOutput\Main\OgreSrc\ogre\OgreMain\src\OgreResourceGroupManager.cpp (line 753)
21:09:49: Compiler error: reference to a non existing object in Examples.material(772)
21:09:49: Compiler error: reference to a non existing object in Examples.material(784)
21:09:49: OGRE EXCEPTION(6:FileNotFoundException): Cannot locate resource Grass.cg in resource group General or any other group. in ResourceGroupManager::openResource at D:\Mogre BUILD 2012-10\BuildOutput\Main\OgreSrc\ogre\OgreMain\src\OgreResourceGroupManager.cpp (line 753)
21:09:49: High-level program Examples/GrassWaverVp encountered an error during loading and is thus not supported.
OGRE EXCEPTION(6:FileNotFoundException): Cannot locate resource Grass.cg in resource group General or any other group. in ResourceGroupManager::openResource at D:\Mogre BUILD 2012-10\BuildOutput\Main\OgreSrc\ogre\OgreMain\src\OgreResourceGroupManager.cpp (line 753)
21:09:49: OGRE EXCEPTION(2:InvalidParametersException): Named constants have not been initialised, perhaps a compile error. in GpuProgramParameters::_findNamedConstantDefinition at D:\Mogre BUILD 2012-10\BuildOutput\Main\OgreSrc\ogre\OgreMain\src\OgreGpuProgramParams.cpp (line 1425)
21:09:49: Compiler error: invalid parameters in Examples.material(835): setting of constant failed
21:09:49: OGRE EXCEPTION(2:InvalidParametersException): Named constants have not been initialised, perhaps a compile error. in GpuProgramParameters::_findNamedConstantDefinition at D:\Mogre BUILD 2012-10\BuildOutput\Main\OgreSrc\ogre\OgreMain\src\OgreGpuProgramParams.cpp (line 1425)
21:09:49: Compiler error: invalid parameters in Examples.material(837): setting of constant failed
21:09:49: OGRE EXCEPTION(2:InvalidParametersException): Named constants have not been initialised, perhaps a compile error. in GpuProgramParameters::_findNamedConstantDefinition at D:\Mogre BUILD 2012-10\BuildOutput\Main\OgreSrc\ogre\OgreMain\src\OgreGpuProgramParams.cpp (line 1425)
21:09:49: Compiler error: invalid parameters in Examples.material(839): setting of constant failed
21:09:49: OGRE EXCEPTION(2:InvalidParametersException): Named constants have not been initialised, perhaps a compile error. in GpuProgramParameters::_findNamedConstantDefinition at D:\Mogre BUILD 2012-10\BuildOutput\Main\OgreSrc\ogre\OgreMain\src\OgreGpuProgramParams.cpp (line 1425)
21:09:49: Compiler error: invalid parameters in Examples.material(840): setting of constant failed
21:09:49: OGRE EXCEPTION(2:InvalidParametersException): Named constants have not been initialised, perhaps a compile error. in GpuProgramParameters::_findNamedConstantDefinition at D:\Mogre BUILD 2012-10\BuildOutput\Main\OgreSrc\ogre\OgreMain\src\OgreGpuProgramParams.cpp (line 1425)
21:09:49: Compiler error: invalid parameters in Examples.material(841): setting of constant failed
21:09:49: OGRE EXCEPTION(2:InvalidParametersException): Named constants have not been initialised, perhaps a compile error. in GpuProgramParameters::_findNamedConstantDefinition at D:\Mogre BUILD 2012-10\BuildOutput\Main\OgreSrc\ogre\OgreMain\src\OgreGpuProgramParams.cpp (line 1425)
21:09:49: Compiler error: invalid parameters in Examples.material(843): setting of constant failed
21:09:49: OGRE EXCEPTION(6:FileNotFoundException): Cannot locate resource Grass.cg in resource group General or any other group. in ResourceGroupManager::openResource at D:\Mogre BUILD 2012-10\BuildOutput\Main\OgreSrc\ogre\OgreMain\src\OgreResourceGroupManager.cpp (line 753)
21:09:49: High-level program Examples/GrassWaverTexVp encountered an error during loading and is thus not supported.
OGRE EXCEPTION(6:FileNotFoundException): Cannot locate resource Grass.cg in resource group General or any other group. in ResourceGroupManager::openResource at D:\Mogre BUILD 2012-10\BuildOutput\Main\OgreSrc\ogre\OgreMain\src\OgreResourceGroupManager.cpp (line 753)
21:09:49: OGRE EXCEPTION(2:InvalidParametersException): Named constants have not been initialised, perhaps a compile error. in GpuProgramParameters::_findNamedConstantDefinition at D:\Mogre BUILD 2012-10\BuildOutput\Main\OgreSrc\ogre\OgreMain\src\OgreGpuProgramParams.cpp (line 1425)
21:09:49: Compiler error: invalid parameters in Examples.material(855): setting of constant failed
21:09:49: OGRE EXCEPTION(2:InvalidParametersException): Named constants have not been initialised, perhaps a compile error. in GpuProgramParameters::_findNamedConstantDefinition at D:\Mogre BUILD 2012-10\BuildOutput\Main\OgreSrc\ogre\OgreMain\src\OgreGpuProgramParams.cpp (line 1425)
21:09:49: Compiler error: invalid parameters in Examples.material(856): setting of constant failed
21:09:49: OGRE EXCEPTION(6:FileNotFoundException): Cannot locate resource Grass.cg in resource group General or any other group. in ResourceGroupManager::openResource at D:\Mogre BUILD 2012-10\BuildOutput\Main\OgreSrc\ogre\OgreMain\src\OgreResourceGroupManager.cpp (line 753)
21:09:49: High-level program Examples/GrassWaverAmbientVp encountered an error during loading and is thus not supported.
OGRE EXCEPTION(6:FileNotFoundException): Cannot locate resource Grass.cg in resource group General or any other group. in ResourceGroupManager::openResource at D:\Mogre BUILD 2012-10\BuildOutput\Main\OgreSrc\ogre\OgreMain\src\OgreResourceGroupManager.cpp (line 753)
21:09:49: OGRE EXCEPTION(2:InvalidParametersException): Named constants have not been initialised, perhaps a compile error. in GpuProgramParameters::_findNamedConstantDefinition at D:\Mogre BUILD 2012-10\BuildOutput\Main\OgreSrc\ogre\OgreMain\src\OgreGpuProgramParams.cpp (line 1425)
21:09:49: Compiler error: invalid parameters in Examples.material(867): setting of constant failed
21:09:49: OGRE EXCEPTION(2:InvalidParametersException): Named constants have not been initialised, perhaps a compile error. in GpuProgramParameters::_findNamedConstantDefinition at D:\Mogre BUILD 2012-10\BuildOutput\Main\OgreSrc\ogre\OgreMain\src\OgreGpuProgramParams.cpp (line 1425)
21:09:49: Compiler error: invalid parameters in Examples.material(868): setting of constant failed
21:09:49: OGRE EXCEPTION(2:InvalidParametersException): Named constants have not been initialised, perhaps a compile error. in GpuProgramParameters::_findNamedConstantDefinition at D:\Mogre BUILD 2012-10\BuildOutput\Main\OgreSrc\ogre\OgreMain\src\OgreGpuProgramParams.cpp (line 1425)
21:09:49: Compiler error: invalid parameters in Examples.material(869): setting of constant failed
21:09:49: OGRE EXCEPTION(6:FileNotFoundException): Cannot locate resource Grass.cg in resource group General or any other group. in ResourceGroupManager::openResource at D:\Mogre BUILD 2012-10\BuildOutput\Main\OgreSrc\ogre\OgreMain\src\OgreResourceGroupManager.cpp (line 753)
21:09:49: High-level program Examples/GrassWaverAmbientFp encountered an error during loading and is thus not supported.
OGRE EXCEPTION(6:FileNotFoundException): Cannot locate resource Grass.cg in resource group General or any other group. in ResourceGroupManager::openResource at D:\Mogre BUILD 2012-10\BuildOutput\Main\OgreSrc\ogre\OgreMain\src\OgreResourceGroupManager.cpp (line 753)
21:09:49: OGRE EXCEPTION(6:FileNotFoundException): Cannot locate resource Grass.cg in resource group General or any other group. in ResourceGroupManager::openResource at D:\Mogre BUILD 2012-10\BuildOutput\Main\OgreSrc\ogre\OgreMain\src\OgreResourceGroupManager.cpp (line 753)
21:09:49: High-level program Examples/GrassWaverFp encountered an error during loading and is thus not supported.
OGRE EXCEPTION(6:FileNotFoundException): Cannot locate resource Grass.cg in resource group General or any other group. in ResourceGroupManager::openResource at D:\Mogre BUILD 2012-10\BuildOutput\Main\OgreSrc\ogre\OgreMain\src\OgreResourceGroupManager.cpp (line 753)
21:09:49: OGRE EXCEPTION(6:FileNotFoundException): Cannot locate resource Grass.cg in resource group General or any other group. in ResourceGroupManager::openResource at D:\Mogre BUILD 2012-10\BuildOutput\Main\OgreSrc\ogre\OgreMain\src\OgreResourceGroupManager.cpp (line 753)
21:09:49: High-level program Examples/GrassWaverCasterVp encountered an error during loading and is thus not supported.
OGRE EXCEPTION(6:FileNotFoundException): Cannot locate resource Grass.cg in resource group General or any other group. in ResourceGroupManager::openResource at D:\Mogre BUILD 2012-10\BuildOutput\Main\OgreSrc\ogre\OgreMain\src\OgreResourceGroupManager.cpp (line 753)
21:09:49: OGRE EXCEPTION(2:InvalidParametersException): Named constants have not been initialised, perhaps a compile error. in GpuProgramParameters::_findNamedConstantDefinition at D:\Mogre BUILD 2012-10\BuildOutput\Main\OgreSrc\ogre\OgreMain\src\OgreGpuProgramParams.cpp (line 1425)
21:09:49: Compiler error: invalid parameters in Examples.material(899): setting of constant failed
21:09:49: OGRE EXCEPTION(2:InvalidParametersException): Named constants have not been initialised, perhaps a compile error. in GpuProgramParameters::_findNamedConstantDefinition at D:\Mogre BUILD 2012-10\BuildOutput\Main\OgreSrc\ogre\OgreMain\src\OgreGpuProgramParams.cpp (line 1425)
21:09:49: Compiler error: invalid parameters in Examples.material(900): setting of constant failed
21:09:49: OGRE EXCEPTION(2:InvalidParametersException): Named constants have not been initialised, perhaps a compile error. in GpuProgramParameters::_findNamedConstantDefinition at D:\Mogre BUILD 2012-10\BuildOutput\Main\OgreSrc\ogre\OgreMain\src\OgreGpuProgramParams.cpp (line 1425)
21:09:49: Compiler error: invalid parameters in Examples.material(901): setting of constant failed
21:09:49: OGRE EXCEPTION(6:FileNotFoundException): Cannot locate resource Grass.cg in resource group General or any other group. in ResourceGroupManager::openResource at D:\Mogre BUILD 2012-10\BuildOutput\Main\OgreSrc\ogre\OgreMain\src\OgreResourceGroupManager.cpp (line 753)
21:09:49: High-level program Examples/GrassWaverCasterFp encountered an error during loading and is thus not supported.
OGRE EXCEPTION(6:FileNotFoundException): Cannot locate resource Grass.cg in resource group General or any other group. in ResourceGroupManager::openResource at D:\Mogre BUILD 2012-10\BuildOutput\Main\OgreSrc\ogre\OgreMain\src\OgreResourceGroupManager.cpp (line 753)
21:09:49: OGRE EXCEPTION(6:FileNotFoundException): Cannot locate resource Grass.cg in resource group General or any other group. in ResourceGroupManager::openResource at D:\Mogre BUILD 2012-10\BuildOutput\Main\OgreSrc\ogre\OgreMain\src\OgreResourceGroupManager.cpp (line 753)
21:09:49: High-level program Examples/GrassWaverReceiverVp encountered an error during loading and is thus not supported.
OGRE EXCEPTION(6:FileNotFoundException): Cannot locate resource Grass.cg in resource group General or any other group. in ResourceGroupManager::openResource at D:\Mogre BUILD 2012-10\BuildOutput\Main\OgreSrc\ogre\OgreMain\src\OgreResourceGroupManager.cpp (line 753)
21:09:49: OGRE EXCEPTION(2:InvalidParametersException): Named constants have not been initialised, perhaps a compile error. in GpuProgramParameters::_findNamedConstantDefinition at D:\Mogre BUILD 2012-10\BuildOutput\Main\OgreSrc\ogre\OgreMain\src\OgreGpuProgramParams.cpp (line 1425)
21:09:49: Compiler error: invalid parameters in Examples.material(922): setting of constant failed
21:09:49: OGRE EXCEPTION(2:InvalidParametersException): Named constants have not been initialised, perhaps a compile error. in GpuProgramParameters::_findNamedConstantDefinition at D:\Mogre BUILD 2012-10\BuildOutput\Main\OgreSrc\ogre\OgreMain\src\OgreGpuProgramParams.cpp (line 1425)
21:09:49: Compiler error: invalid parameters in Examples.material(923): setting of constant failed
21:09:49: OGRE EXCEPTION(2:InvalidParametersException): Named constants have not been initialised, perhaps a compile error. in GpuProgramParameters::_findNamedConstantDefinition at D:\Mogre BUILD 2012-10\BuildOutput\Main\OgreSrc\ogre\OgreMain\src\OgreGpuProgramParams.cpp (line 1425)
21:09:49: Compiler error: invalid parameters in Examples.material(924): setting of constant failed
21:09:49: OGRE EXCEPTION(2:InvalidParametersException): Named constants have not been initialised, perhaps a compile error. in GpuProgramParameters::_findNamedConstantDefinition at D:\Mogre BUILD 2012-10\BuildOutput\Main\OgreSrc\ogre\OgreMain\src\OgreGpuProgramParams.cpp (line 1425)
21:09:49: Compiler error: invalid parameters in Examples.material(926): setting of constant failed
21:09:49: OGRE EXCEPTION(2:InvalidParametersException): Named constants have not been initialised, perhaps a compile error. in GpuProgramParameters::_findNamedConstantDefinition at D:\Mogre BUILD 2012-10\BuildOutput\Main\OgreSrc\ogre\OgreMain\src\OgreGpuProgramParams.cpp (line 1425)
21:09:49: Compiler error: invalid parameters in Examples.material(928): setting of constant failed
21:09:49: OGRE EXCEPTION(2:InvalidParametersException): Named constants have not been initialised, perhaps a compile error. in GpuProgramParameters::_findNamedConstantDefinition at D:\Mogre BUILD 2012-10\BuildOutput\Main\OgreSrc\ogre\OgreMain\src\OgreGpuProgramParams.cpp (line 1425)
21:09:49: Compiler error: invalid parameters in Examples.material(929): setting of constant failed
21:09:49: OGRE EXCEPTION(2:InvalidParametersException): Named constants have not been initialised, perhaps a compile error. in GpuProgramParameters::_findNamedConstantDefinition at D:\Mogre BUILD 2012-10\BuildOutput\Main\OgreSrc\ogre\OgreMain\src\OgreGpuProgramParams.cpp (line 1425)
21:09:49: Compiler error: invalid parameters in Examples.material(931): setting of constant failed
21:09:49: OGRE EXCEPTION(6:FileNotFoundException): Cannot locate resource Grass.cg in resource group General or any other group. in ResourceGroupManager::openResource at D:\Mogre BUILD 2012-10\BuildOutput\Main\OgreSrc\ogre\OgreMain\src\OgreResourceGroupManager.cpp (line 753)
21:09:49: High-level program Examples/GrassWaverReceiverFp encountered an error during loading and is thus not supported.
OGRE EXCEPTION(6:FileNotFoundException): Cannot locate resource Grass.cg in resource group General or any other group. in ResourceGroupManager::openResource at D:\Mogre BUILD 2012-10\BuildOutput\Main\OgreSrc\ogre\OgreMain\src\OgreResourceGroupManager.cpp (line 753)
21:09:49: OGRE EXCEPTION(2:InvalidParametersException): Named constants have not been initialised, perhaps a compile error. in GpuProgramParameters::_findNamedConstantDefinition at D:\Mogre BUILD 2012-10\BuildOutput\Main\OgreSrc\ogre\OgreMain\src\OgreGpuProgramParams.cpp (line 1425)
21:09:49: Compiler error: invalid parameters in Examples.material(945): setting of constant failed
21:09:49: OGRE EXCEPTION(2:InvalidParametersException): Named constants have not been initialised, perhaps a compile error. in GpuProgramParameters::_findNamedConstantDefinition at D:\Mogre BUILD 2012-10\BuildOutput\Main\OgreSrc\ogre\OgreMain\src\OgreGpuProgramParams.cpp (line 1425)
21:09:49: Compiler error: invalid parameters in Examples.material(946): setting of constant failed
21:09:49: OGRE EXCEPTION(2:InvalidParametersException): Named constants have not been initialised, perhaps a compile error. in GpuProgramParameters::_findNamedConstantDefinition at D:\Mogre BUILD 2012-10\BuildOutput\Main\OgreSrc\ogre\OgreMain\src\OgreGpuProgramParams.cpp (line 1425)
21:09:49: Compiler error: invalid parameters in Examples.material(947): setting of constant failed
21:09:49: Compiler error: reference to a non existing object in Examples.material(1281)
21:09:49: Compiler error: reference to a non existing object in Examples.material(1473)
21:09:49: Compiler error: reference to a non existing object in Examples.material(1508)
21:09:49: Compiler error: reference to a non existing object in Examples.material(1617)
21:09:49: Compiler error: reference to a non existing object in Examples.material(1622)
21:09:49: OGRE EXCEPTION(6:FileNotFoundException): Cannot locate resource Example_Basic.cg in resource group General or any other group. in ResourceGroupManager::openResource at D:\Mogre BUILD 2012-10\BuildOutput\Main\OgreSrc\ogre\OgreMain\src\OgreResourceGroupManager.cpp (line 753)
21:09:49: High-level program Examples/ShowTangents_v encountered an error during loading and is thus not supported.
OGRE EXCEPTION(6:FileNotFoundException): Cannot locate resource Example_Basic.cg in resource group General or any other group. in ResourceGroupManager::openResource at D:\Mogre BUILD 2012-10\BuildOutput\Main\OgreSrc\ogre\OgreMain\src\OgreResourceGroupManager.cpp (line 753)
21:09:49: OGRE EXCEPTION(2:InvalidParametersException): Named constants have not been initialised, perhaps a compile error. in GpuProgramParameters::_findNamedConstantDefinition at D:\Mogre BUILD 2012-10\BuildOutput\Main\OgreSrc\ogre\OgreMain\src\OgreGpuProgramParams.cpp (line 1425)
21:09:49: Compiler error: invalid parameters in Examples.material(1696): setting of constant failed
21:09:49: OGRE EXCEPTION(6:FileNotFoundException): Cannot locate resource Example_Basic.cg in resource group General or any other group. in ResourceGroupManager::openResource at D:\Mogre BUILD 2012-10\BuildOutput\Main\OgreSrc\ogre\OgreMain\src\OgreResourceGroupManager.cpp (line 753)
21:09:49: High-level program Examples/ShowNormals_v encountered an error during loading and is thus not supported.
OGRE EXCEPTION(6:FileNotFoundException): Cannot locate resource Example_Basic.cg in resource group General or any other group. in ResourceGroupManager::openResource at D:\Mogre BUILD 2012-10\BuildOutput\Main\OgreSrc\ogre\OgreMain\src\OgreResourceGroupManager.cpp (line 753)
21:09:49: OGRE EXCEPTION(2:InvalidParametersException): Named constants have not been initialised, perhaps a compile error. in GpuProgramParameters::_findNamedConstantDefinition at D:\Mogre BUILD 2012-10\BuildOutput\Main\OgreSrc\ogre\OgreMain\src\OgreGpuProgramParams.cpp (line 1425)
21:09:49: Compiler error: invalid parameters in Examples.material(1706): setting of constant failed
21:09:49: Compiler error: reference to a non existing object in Examples.material(1716)
21:09:49: OGRE EXCEPTION(6:FileNotFoundException): Cannot locate resource Example_Basic.cg in resource group General or any other group. in ResourceGroupManager::openResource at D:\Mogre BUILD 2012-10\BuildOutput\Main\OgreSrc\ogre\OgreMain\src\OgreResourceGroupManager.cpp (line 753)
21:09:49: High-level program Examples/ShowUV_p encountered an error during loading and is thus not supported.
OGRE EXCEPTION(6:FileNotFoundException): Cannot locate resource Example_Basic.cg in resource group General or any other group. in ResourceGroupManager::openResource at D:\Mogre BUILD 2012-10\BuildOutput\Main\OgreSrc\ogre\OgreMain\src\OgreResourceGroupManager.cpp (line 753)
21:09:49: OGRE EXCEPTION(6:FileNotFoundException): Cannot locate resource Example_Basic.cg in resource group General or any other group. in ResourceGroupManager::openResource at D:\Mogre BUILD 2012-10\BuildOutput\Main\OgreSrc\ogre\OgreMain\src\OgreResourceGroupManager.cpp (line 753)
21:09:49: High-level program Examples/ShowUVdir3D encountered an error during loading and is thus not supported.
OGRE EXCEPTION(6:FileNotFoundException): Cannot locate resource Example_Basic.cg in resource group General or any other group. in ResourceGroupManager::openResource at D:\Mogre BUILD 2012-10\BuildOutput\Main\OgreSrc\ogre\OgreMain\src\OgreResourceGroupManager.cpp (line 753)
21:09:49: Parsing script Ogre.material
21:09:49: Parsing script Sinbad.material
21:09:49: Parsing script racecar.material
21:09:49: Parsing script wheel50cmx10cmx50cm.material
21:09:49: Parsing script photon.material
21:09:49: Parsing script cc.material
21:09:49: Parsing script nxogre.zz.particle
21:09:49: Finished parsing scripts for resource group General
21:09:49: Parsing scripts for resource group Internal
21:09:49: Finished parsing scripts for resource group Internal
21:09:49: Demo initialized!
21:09:49: Font SdkTrays/Valueusing texture size 512x256
21:09:49: Info: Freetype returned null for character 127 in font SdkTrays/Value
21:09:49: Info: Freetype returned null for character 128 in font SdkTrays/Value
21:09:49: Info: Freetype returned null for character 129 in font SdkTrays/Value
21:09:49: Info: Freetype returned null for character 130 in font SdkTrays/Value
21:09:49: Info: Freetype returned null for character 131 in font SdkTrays/Value
21:09:49: Info: Freetype returned null for character 132 in font SdkTrays/Value
21:09:49: Info: Freetype returned null for character 133 in font SdkTrays/Value
21:09:49: Info: Freetype returned null for character 134 in font SdkTrays/Value
21:09:49: Info: Freetype returned null for character 135 in font SdkTrays/Value
21:09:49: Info: Freetype returned null for character 136 in font SdkTrays/Value
21:09:49: Info: Freetype returned null for character 137 in font SdkTrays/Value
21:09:49: Info: Freetype returned null for character 138 in font SdkTrays/Value
21:09:49: Info: Freetype returned null for character 139 in font SdkTrays/Value
21:09:49: Info: Freetype returned null for character 140 in font SdkTrays/Value
21:09:49: Info: Freetype returned null for character 141 in font SdkTrays/Value
21:09:49: Info: Freetype returned null for character 142 in font SdkTrays/Value
21:09:49: Info: Freetype returned null for character 143 in font SdkTrays/Value
21:09:49: Info: Freetype returned null for character 144 in font SdkTrays/Value
21:09:49: Info: Freetype returned null for character 145 in font SdkTrays/Value
21:09:49: Info: Freetype returned null for character 146 in font SdkTrays/Value
21:09:49: Info: Freetype returned null for character 147 in font SdkTrays/Value
21:09:49: Info: Freetype returned null for character 148 in font SdkTrays/Value
21:09:49: Info: Freetype returned null for character 149 in font SdkTrays/Value
21:09:49: Info: Freetype returned null for character 150 in font SdkTrays/Value
21:09:49: Info: Freetype returned null for character 151 in font SdkTrays/Value
21:09:49: Info: Freetype returned null for character 152 in font SdkTrays/Value
21:09:49: Info: Freetype returned null for character 153 in font SdkTrays/Value
21:09:49: Info: Freetype returned null for character 154 in font SdkTrays/Value
21:09:49: Info: Freetype returned null for character 155 in font SdkTrays/Value
21:09:49: Info: Freetype returned null for character 156 in font SdkTrays/Value
21:09:49: Info: Freetype returned null for character 157 in font SdkTrays/Value
21:09:49: Info: Freetype returned null for character 158 in font SdkTrays/Value
21:09:49: Info: Freetype returned null for character 159 in font SdkTrays/Value
21:09:49: Info: Freetype returned null for character 160 in font SdkTrays/Value
21:09:49: Texture: SdkTrays/ValueTexture: Loading 1 faces(PF_BYTE_LA,512x256x1) with 0 generated mipmaps from Image. Internal format is PF_BYTE_LA,512x256x1.
21:09:50: Texture: thumb_bezier.png: Loading 1 faces(PF_A8R8G8B8,128x128x1) with  hardware generated mipmaps from Image. Internal format is PF_A8R8G8B8,128x128x1.
21:09:50: Texture: thumb_bsp.png: Loading 1 faces(PF_A8R8G8B8,128x128x1) with  hardware generated mipmaps from Image. Internal format is PF_A8R8G8B8,128x128x1.
21:09:50: Texture: thumb_bump.png: Loading 1 faces(PF_A8R8G8B8,128x128x1) with  hardware generated mipmaps from Image. Internal format is PF_A8R8G8B8,128x128x1.
21:09:50: Texture: thumb_camtrack.png: Loading 1 faces(PF_A8R8G8B8,128x128x1) with  hardware generated mipmaps from Image. Internal format is PF_A8R8G8B8,128x128x1.
21:09:50: Texture: thumb_cel.png: Loading 1 faces(PF_A8R8G8B8,128x128x1) with  hardware generated mipmaps from Image. Internal format is PF_A8R8G8B8,128x128x1.
21:09:50: Texture: sdk_bands.png: Loading 1 faces(PF_A8R8G8B8,2x32x1) with  hardware generated mipmaps from Image. Internal format is PF_A8R8G8B8,2x32x1.
21:09:50: Font SdkTrays/Captionusing texture size 512x256
21:09:50: Info: Freetype returned null for character 160 in font SdkTrays/Caption
21:09:50: Texture: SdkTrays/CaptionTexture: Loading 1 faces(PF_BYTE_LA,512x256x1) with 0 generated mipmaps from Image. Internal format is PF_BYTE_LA,512x256x1.
21:09:50: Texture: sdk_button_over.png: Loading 1 faces(PF_A8R8G8B8,128x32x1) with  hardware generated mipmaps from Image. Internal format is PF_A8R8G8B8,128x32x1.
21:09:51: Texture: sdk_button_down.png: Loading 1 faces(PF_A8R8G8B8,128x32x1) with  hardware generated mipmaps from Image. Internal format is PF_A8R8G8B8,128x32x1.
21:09:51: Game Quit
