18:16:39  |  Platform  |  Info  |  * Initialise: OgreRenderManager  |  src\MyGUI_OgreRenderManager.cpp  |  34
18:16:39  |  Platform  |  Info  |  OgreRenderManager successfully initialized  |  src\MyGUI_OgreRenderManager.cpp  |  62
18:16:39  |  Platform  |  Info  |  * Initialise: OgreDataManager  |  src\MyGUI_OgreDataManager.cpp  |  23
18:16:39  |  Platform  |  Info  |  OgreDataManager successfully initialized  |  src\MyGUI_OgreDataManager.cpp  |  27
18:16:39  |  Core  |  Info  |  * Initialise: Gui  |  src\MyGUI_Gui.cpp  |  75
18:16:39  |  Core  |  Info  |  * MyGUI version 3.1.0  |  src\MyGUI_Gui.cpp  |  80
18:16:39  |  Core  |  Info  |  * Initialise: ResourceManager  |  src\MyGUI_ResourceManager.cpp  |  42
18:16:39  |  Core  |  Info  |  ResourceManager successfully initialized  |  src\MyGUI_ResourceManager.cpp  |  50
18:16:39  |  Core  |  Info  |  * Initialise: LayerManager  |  src\MyGUI_LayerManager.cpp  |  43
18:16:39  |  Core  |  Info  |  LayerManager successfully initialized  |  src\MyGUI_LayerManager.cpp  |  51
18:16:39  |  Core  |  Info  |  * Initialise: WidgetManager  |  src\MyGUI_WidgetManager.cpp  |  68
18:16:39  |  Core  |  Info  |  WidgetManager successfully initialized  |  src\MyGUI_WidgetManager.cpp  |  110
18:16:39  |  Core  |  Info  |  * Initialise: InputManager  |  src\MyGUI_InputManager.cpp  |  56
18:16:39  |  Core  |  Info  |  InputManager successfully initialized  |  src\MyGUI_InputManager.cpp  |  70
18:16:39  |  Core  |  Info  |  * Initialise: SubWidgetManager  |  src\MyGUI_SubWidgetManager.cpp  |  43
18:16:39  |  Core  |  Info  |  SubWidgetManager successfully initialized  |  src\MyGUI_SubWidgetManager.cpp  |  63
18:16:39  |  Core  |  Info  |  * Initialise: SkinManager  |  src\MyGUI_SkinManager.cpp  |  44
18:16:39  |  Core  |  Info  |  SkinManager successfully initialized  |  src\MyGUI_SkinManager.cpp  |  52
18:16:39  |  Core  |  Info  |  * Initialise: FontManager  |  src\MyGUI_FontManager.cpp  |  42
18:16:39  |  Core  |  Info  |  FontManager successfully initialized  |  src\MyGUI_FontManager.cpp  |  51
18:16:39  |  Core  |  Info  |  * Initialise: ControllerManager  |  src\MyGUI_ControllerManager.cpp  |  40
18:16:39  |  Core  |  Info  |  ControllerManager successfully initialized  |  src\MyGUI_ControllerManager.cpp  |  50
18:16:39  |  Core  |  Info  |  * Initialise: PointerManager  |  src\MyGUI_PointerManager.cpp  |  58
18:16:39  |  Core  |  Info  |  PointerManager successfully initialized  |  src\MyGUI_PointerManager.cpp  |  73
18:16:39  |  Core  |  Info  |  * Initialise: ClipboardManager  |  src\MyGUI_ClipboardManager.cpp  |  81
18:16:39  |  Core  |  Info  |  ClipboardManager successfully initialized  |  src\MyGUI_ClipboardManager.cpp  |  95
18:16:39  |  Core  |  Info  |  * Initialise: LayoutManager  |  src\MyGUI_LayoutManager.cpp  |  51
18:16:39  |  Core  |  Info  |  LayoutManager successfully initialized  |  src\MyGUI_LayoutManager.cpp  |  57
18:16:39  |  Core  |  Info  |  * Initialise: DynLibManager  |  src\MyGUI_DynLibManager.cpp  |  35
18:16:39  |  Core  |  Info  |  DynLibManager successfully initialized  |  src\MyGUI_DynLibManager.cpp  |  39
18:16:39  |  Core  |  Info  |  * Initialise: PluginManager  |  src\MyGUI_PluginManager.cpp  |  35
18:16:39  |  Core  |  Info  |  PluginManager successfully initialized  |  src\MyGUI_PluginManager.cpp  |  39
18:16:39  |  Core  |  Info  |  * Initialise: LanguageManager  |  src\MyGUI_LanguageManager.cpp  |  39
18:16:39  |  Core  |  Info  |  LanguageManager successfully initialized  |  src\MyGUI_LanguageManager.cpp  |  43
18:16:39  |  Core  |  Info  |  * Initialise: FactoryManager  |  src\MyGUI_FactoryManager.cpp  |  33
18:16:39  |  Core  |  Info  |  FactoryManager successfully initialized  |  src\MyGUI_FactoryManager.cpp  |  36
18:16:39  |  Core  |  Info  |  * Initialise: ToolTipManager  |  src\MyGUI_ToolTipManager.cpp  |  49
18:16:39  |  Core  |  Info  |  ToolTipManager successfully initialized  |  src\MyGUI_ToolTipManager.cpp  |  53
18:16:39  |  Core  |  Info  |  Load ini file 'core_theme.xml'  |  src\MyGUI_ResourceManager.cpp  |  119
18:16:39  |  Core  |  Info  |  Load ini file 'core_language.xml'  |  src\MyGUI_ResourceManager.cpp  |  119
18:16:39  |  Core  |  Info  |  Load ini file 'core_font.xml'  |  src\MyGUI_ResourceManager.cpp  |  119
18:16:39  |  Core  |  Info  |  ResourceTrueTypeFont 'font_DejaVuSans.17' using texture size 512 x 256  |  src\MyGUI_ResourceTrueTypeFont.cpp  |  202
18:16:39  |  Core  |  Info  |  ResourceTrueTypeFont 'font_DejaVuSans.17' using real height 17 pixels  |  src\MyGUI_ResourceTrueTypeFont.cpp  |  203
18:16:39  |  Core  |  Info  |  ResourceTrueTypeFont 'font_DejaVuSans.14' using texture size 256 x 256  |  src\MyGUI_ResourceTrueTypeFont.cpp  |  202
18:16:39  |  Core  |  Info  |  ResourceTrueTypeFont 'font_DejaVuSans.14' using real height 14 pixels  |  src\MyGUI_ResourceTrueTypeFont.cpp  |  203
18:16:40  |  Core  |  Info  |  Load ini file 'core_resource.xml'  |  src\MyGUI_ResourceManager.cpp  |  119
18:16:40  |  Core  |  Info  |  Load ini file 'core_skin.xml'  |  src\MyGUI_ResourceManager.cpp  |  119
18:16:40  |  Core  |  Info  |  Load ini file 'core_pointer.xml'  |  src\MyGUI_ResourceManager.cpp  |  119
18:16:40  |  Core  |  Info  |  Load ini file 'core_layer.xml'  |  src\MyGUI_ResourceManager.cpp  |  119
18:16:40  |  Core  |  Info  |  Load ini file 'core_settings.xml'  |  src\MyGUI_ResourceManager.cpp  |  119
18:16:40  |  Core  |  Info  |  Gui successfully initialized  |  src\MyGUI_Gui.cpp  |  125
