14:24:33: Creating resource group General
14:24:33: Creating resource group Internal
14:24:33: Creating resource group Autodetect
14:24:33: SceneManagerFactory for type 'DefaultSceneManager' registered.
14:24:33: Registering ResourceManager for type Material
14:24:33: Registering ResourceManager for type Mesh
14:24:33: Registering ResourceManager for type Skeleton
14:24:33: MovableObjectFactory for type 'ParticleSystem' registered.
14:24:33: OverlayElementFactory for type Panel registered.
14:24:33: OverlayElementFactory for type BorderPanel registered.
14:24:33: OverlayElementFactory for type TextArea registered.
14:24:33: Registering ResourceManager for type Font
14:24:33: ArchiveFactory for archive type FileSystem registered.
14:24:33: ArchiveFactory for archive type Zip registered.
14:24:33: DDS codec registering
14:24:33: FreeImage version: 3.15.3
14:24:33: This program uses FreeImage, a free, open source image library supporting all common bitmap formats. See http://freeimage.sourceforge.net for details
14:24:33: Supported formats: bmp,ico,jpg,jif,jpeg,jpe,jng,koa,iff,lbm,mng,pbm,pbm,pcd,pcx,pgm,pgm,png,ppm,ppm,ras,tga,targa,tif,tiff,wap,wbmp,wbm,psd,cut,xbm,xpm,gif,hdr,g3,sgi,exr,j2k,j2c,jp2,pfm,pct,pict,pic,3fr,arw,bay,bmq,cap,cine,cr2,crw,cs1,dc2,dcr,drf,dsc,dng,erf,fff,ia,iiq,k25,kc2,kdc,mdc,mef,mos,mrw,nef,nrw,orf,pef,ptx,pxn,qtk,raf,raw,rdc,rw2,rwl,rwz,sr2,srf,srw,sti
14:24:33: PVRTC codec registering
14:24:33: Registering ResourceManager for type HighLevelGpuProgram
14:24:33: Registering ResourceManager for type Compositor
14:24:33: MovableObjectFactory for type 'Entity' registered.
14:24:33: MovableObjectFactory for type 'Light' registered.
14:24:33: MovableObjectFactory for type 'BillboardSet' registered.
14:24:33: MovableObjectFactory for type 'ManualObject' registered.
14:24:33: MovableObjectFactory for type 'BillboardChain' registered.
14:24:33: MovableObjectFactory for type 'RibbonTrail' registered.
14:24:33: Loading library .\RenderSystem_Direct3D9
14:24:33: Installing plugin: D3D9 RenderSystem
14:24:33: D3D9 : Direct3D9 Rendering Subsystem created.
14:24:33: D3D9: Driver Detection Starts
14:24:33: D3D9: Driver Detection Ends
14:24:33: Plugin successfully installed
14:24:33: Loading library .\RenderSystem_GL
14:24:33: Installing plugin: GL RenderSystem
14:24:33: OpenGL Rendering Subsystem created.
14:24:33: Plugin successfully installed
14:24:33: Loading library .\Plugin_ParticleFX
14:24:33: Installing plugin: ParticleFX
14:24:33: Particle Emitter Type 'Point' registered
14:24:33: Particle Emitter Type 'Box' registered
14:24:33: Particle Emitter Type 'Ellipsoid' registered
14:24:33: Particle Emitter Type 'Cylinder' registered
14:24:33: Particle Emitter Type 'Ring' registered
14:24:33: Particle Emitter Type 'HollowEllipsoid' registered
14:24:33: Particle Affector Type 'LinearForce' registered
14:24:33: Particle Affector Type 'ColourFader' registered
14:24:33: Particle Affector Type 'ColourFader2' registered
14:24:33: Particle Affector Type 'ColourImage' registered
14:24:33: Particle Affector Type 'ColourInterpolator' registered
14:24:33: Particle Affector Type 'Scaler' registered
14:24:33: Particle Affector Type 'Rotator' registered
14:24:33: Particle Affector Type 'DirectionRandomiser' registered
14:24:33: Particle Affector Type 'DeflectorPlane' registered
14:24:33: Plugin successfully installed
14:24:33: Loading library .\Plugin_BSPSceneManager
14:24:33: Installing plugin: BSP Scene Manager
14:24:33: Plugin successfully installed
14:24:33: Loading library .\Plugin_OctreeSceneManager
14:24:33: Installing plugin: Octree & Terrain Scene Manager
14:24:33: Plugin successfully installed
14:24:33: Loading library .\Plugin_CgProgramManager
14:24:33: Installing plugin: Cg Program Manager
14:24:33: Plugin successfully installed
14:24:33: *-*-* OGRE Initialising
14:24:33: *-*-* Version 1.7.4 (Cthugha)
14:24:33: D3D9 : RenderSystem Option: Allow NVPerfHUD = No
14:24:33: D3D9 : RenderSystem Option: FSAA = 0
14:24:33: D3D9 : RenderSystem Option: Floating-point mode = Fastest
14:24:33: D3D9 : RenderSystem Option: Full Screen = No
14:24:33: D3D9 : RenderSystem Option: Rendering Device = Monitor-1-Intel(R) HD Graphics 4000
14:24:33: D3D9 : RenderSystem Option: Resource Creation Policy = Create on all devices
14:24:33: D3D9 : RenderSystem Option: VSync = Yes
14:24:33: D3D9 : RenderSystem Option: VSync Interval = 1
14:24:33: D3D9 : RenderSystem Option: Video Mode = 800 x 600 @ 32-bit colour
14:24:33: D3D9 : RenderSystem Option: sRGB Gamma Conversion = No
14:24:34: CPU Identifier & Features
14:24:34: -------------------------
14:24:34:  *   CPU ID: GenuineIntel: Intel(R) Core(TM) i5-3230M CPU @ 2.60GHz
14:24:34:  *      SSE: yes
14:24:34:  *     SSE2: yes
14:24:34:  *     SSE3: yes
14:24:34:  *      MMX: yes
14:24:34:  *   MMXEXT: yes
14:24:34:  *    3DNOW: no
14:24:34:  * 3DNOWEXT: no
14:24:34:  *     CMOV: yes
14:24:34:  *      TSC: yes
14:24:34:  *      FPU: yes
14:24:34:  *      PRO: yes
14:24:34:  *       HT: no
14:24:34: -------------------------
14:24:34: D3D9 : Subsystem Initialising
14:24:34: Registering ResourceManager for type Texture
14:24:34: Registering ResourceManager for type GpuProgram
14:24:34: D3D9RenderSystem::_createRenderWindow "AMOFGameEngine Demo", 800x600 windowed  miscParams: FSAA=0 FSAAHint= colourDepth=32 gamma=false monitorIndex=0 useNVPerfHUD=false vsync=true vsyncInterval=1 
14:24:34: D3D9 : Created D3D9 Rendering Window 'AMOFGameEngine Demo' : 800x600, 32bpp
14:24:34: D3D9: Vertex texture format supported - PF_A8R8G8B8
14:24:34: D3D9: Vertex texture format supported - PF_B8G8R8A8
14:24:34: D3D9: Vertex texture format supported - PF_FLOAT16_RGB
14:24:34: D3D9: Vertex texture format supported - PF_FLOAT16_RGBA
14:24:34: D3D9: Vertex texture format supported - PF_FLOAT32_RGB
14:24:34: D3D9: Vertex texture format supported - PF_FLOAT32_RGBA
14:24:34: D3D9: Vertex texture format supported - PF_R8G8B8A8
14:24:34: D3D9: Vertex texture format supported - PF_DEPTH
14:24:34: D3D9: Vertex texture format supported - PF_FLOAT16_R
14:24:34: D3D9: Vertex texture format supported - PF_FLOAT32_R
14:24:34: D3D9: Vertex texture format supported - PF_FLOAT16_GR
14:24:34: D3D9: Vertex texture format supported - PF_FLOAT32_GR
14:24:34: D3D9: Vertex texture format supported - PF_PVRTC_RGB2
14:24:34: D3D9: Vertex texture format supported - PF_PVRTC_RGBA2
14:24:34: D3D9: Vertex texture format supported - PF_PVRTC_RGB4
14:24:34: D3D9: Vertex texture format supported - PF_PVRTC_RGBA4
14:24:34: RenderSystem capabilities
14:24:34: -------------------------
14:24:34: RenderSystem Name: Direct3D9 Rendering Subsystem
14:24:34: GPU Vendor: intel
14:24:34: Device Name: Monitor-1-Intel(R) HD Graphics 4000
14:24:34: Driver Version: 10.18.13.6143
14:24:34:  * Fixed function pipeline: yes
14:24:34:  * Hardware generation of mipmaps: yes
14:24:34:  * Texture blending: yes
14:24:34:  * Anisotropic texture filtering: yes
14:24:34:  * Dot product texture operation: yes
14:24:34:  * Cube mapping: yes
14:24:34:  * Hardware stencil buffer: yes
14:24:34:    - Stencil depth: 8
14:24:34:    - Two sided stencil support: yes
14:24:34:    - Wrap stencil values: yes
14:24:34:  * Hardware vertex / index buffers: yes
14:24:34:  * Vertex programs: yes
14:24:34:  * Number of floating-point constants for vertex programs: 256
14:24:34:  * Number of integer constants for vertex programs: 16
14:24:34:  * Number of boolean constants for vertex programs: 16
14:24:34:  * Fragment programs: yes
14:24:34:  * Number of floating-point constants for fragment programs: 224
14:24:34:  * Number of integer constants for fragment programs: 16
14:24:34:  * Number of boolean constants for fragment programs: 16
14:24:34:  * Geometry programs: no
14:24:34:  * Number of floating-point constants for geometry programs: 0
14:24:34:  * Number of integer constants for geometry programs: 0
14:24:34:  * Number of boolean constants for geometry programs: 0
14:24:34:  * Supported Shader Profiles: hlsl ps_1_1 ps_1_2 ps_1_3 ps_1_4 ps_2_0 ps_2_a ps_2_b ps_2_x ps_3_0 vs_1_1 vs_2_0 vs_2_a vs_2_x vs_3_0
14:24:34:  * Texture Compression: yes
14:24:34:    - DXT: yes
14:24:34:    - VTC: no
14:24:34:    - PVRTC: no
14:24:34:  * Scissor Rectangle: yes
14:24:34:  * Hardware Occlusion Query: yes
14:24:34:  * User clip planes: yes
14:24:34:  * VET_UBYTE4 vertex element type: yes
14:24:34:  * Infinite far plane projection: yes
14:24:34:  * Hardware render-to-texture: yes
14:24:34:  * Floating point textures: yes
14:24:34:  * Non-power-of-two textures: yes
14:24:34:  * Volume textures: yes
14:24:34:  * Multiple Render Targets: 4
14:24:34:    - With different bit depths: yes
14:24:34:  * Point Sprites: yes
14:24:34:  * Extended point parameters: yes
14:24:34:  * Max Point Size: 10
14:24:34:  * Vertex texture fetch: yes
14:24:34:  * Number of world matrices: 0
14:24:34:  * Number of texture units: 8
14:24:34:  * Stencil buffer depth: 8
14:24:34:  * Number of vertex blend matrices: 0
14:24:34:    - Max vertex textures: 4
14:24:34:    - Vertex textures shared: no
14:24:34:  * Render to Vertex Buffer : no
14:24:34:  * DirectX per stage constants: yes
14:24:34: ***************************************
14:24:34: *** D3D9 : Subsystem Initialised OK ***
14:24:34: ***************************************
14:24:34: DefaultWorkQueue('Root') initialising on thread main.
14:24:34: Particle Renderer Type 'billboard' registered
14:24:34: SceneManagerFactory for type 'BspSceneManager' registered.
14:24:34: Registering ResourceManager for type BspLevel
14:24:34: SceneManagerFactory for type 'OctreeSceneManager' registered.
14:24:34: SceneManagerFactory for type 'TerrainSceneManager' registered.
14:24:34: Creating resource group Bootstrap
14:24:34: Added resource location '../../media/packs/SdkTrays.zip' of type 'Zip' to resource group 'Bootstrap'
14:24:34: Added resource location '../../media/MyGUI_Media' of type 'FileSystem' to resource group 'General'
14:24:34: Added resource location '../../media/models' of type 'FileSystem' to resource group 'General'
14:24:34: Added resource location '../../media/cube_scene' of type 'FileSystem' to resource group 'General'
14:24:34: Added resource location '../../media/materials/scripts' of type 'FileSystem' to resource group 'General'
14:24:34: Added resource location '../../media/materials/textures' of type 'FileSystem' to resource group 'General'
14:24:34: Added resource location '../../media/packs/cubemapsJS.zip' of type 'Zip' to resource group 'General'
14:24:34: Added resource location '../../media/packs/Sinbad.zip' of type 'Zip' to resource group 'General'
14:24:34: Added resource location '../../media/packs/nxogre.zip' of type 'Zip' to resource group 'General'
14:24:34: Parsing scripts for resource group Autodetect
14:24:34: Finished parsing scripts for resource group Autodetect
14:24:34: Parsing scripts for resource group Bootstrap
14:24:34: Parsing script SdkTrays.material
14:24:34: Parsing script SdkTrays.fontdef
14:24:34: Parsing script SdkTrays.overlay
14:24:34: Bad element attribute line: '# you can offset the image to change the cursor "hotspot"' for element SdkTrays/Cursor in overlay 
14:24:34: Texture: sdk_cursor.png: Loading 1 faces(PF_A8R8G8B8,32x32x1) with  hardware generated mipmaps from Image. Internal format is PF_A8R8G8B8,32x32x1.
14:24:34: Texture: sdk_tray.png: Loading 1 faces(PF_A8R8G8B8,64x64x1) with  hardware generated mipmaps from Image. Internal format is PF_A8R8G8B8,64x64x1.
14:24:34: Texture: sdk_button_up.png: Loading 1 faces(PF_A8R8G8B8,128x32x1) with  hardware generated mipmaps from Image. Internal format is PF_A8R8G8B8,128x32x1.
14:24:34: Texture: sdk_text_box.png: Loading 1 faces(PF_A8R8G8B8,32x32x1) with  hardware generated mipmaps from Image. Internal format is PF_A8R8G8B8,32x32x1.
14:24:34: Texture: sdk_mini_tray.png: Loading 1 faces(PF_A8R8G8B8,32x32x1) with  hardware generated mipmaps from Image. Internal format is PF_A8R8G8B8,32x32x1.
14:24:34: Texture: sdk_track.png: Loading 1 faces(PF_A8R8G8B8,16x32x1) with  hardware generated mipmaps from Image. Internal format is PF_A8R8G8B8,16x32x1.
14:24:34: Texture: sdk_handle.png: Loading 1 faces(PF_A8R8G8B8,16x16x1) with  hardware generated mipmaps from Image. Internal format is PF_A8R8G8B8,16x16x1.
14:24:34: Texture: sdk_mini_text_box.png: Loading 1 faces(PF_A8R8G8B8,32x32x1) with  hardware generated mipmaps from Image. Internal format is PF_A8R8G8B8,32x32x1.
14:24:34: Texture: sdk_label.png: Loading 1 faces(PF_A8R8G8B8,32x32x1) with  hardware generated mipmaps from Image. Internal format is PF_A8R8G8B8,32x32x1.
14:24:34: Texture: sdk_separator.png: Loading 1 faces(PF_A8R8G8B8,64x16x1) with  hardware generated mipmaps from Image. Internal format is PF_A8R8G8B8,64x16x1.
14:24:34: Texture: sdk_logo.png: Loading 1 faces(PF_A8R8G8B8,128x64x1) with  hardware generated mipmaps from Image. Internal format is PF_A8R8G8B8,128x64x1.
14:24:34: Texture: sdk_shade.png: Loading 1 faces(PF_A8R8G8B8,64x48x1) with 5 generated mipmaps from Image. Internal format is PF_A8R8G8B8,64x48x1.
14:24:34: Texture: sdk_frame.png: Loading 1 faces(PF_A8R8G8B8,32x32x1) with  hardware generated mipmaps from Image. Internal format is PF_A8R8G8B8,32x32x1.
14:24:34: Texture: sdk_mini_text_box_over.png: Loading 1 faces(PF_A8R8G8B8,32x32x1) with  hardware generated mipmaps from Image. Internal format is PF_A8R8G8B8,32x32x1.
14:24:34: Texture: sdk_pulse.png: Loading 1 faces(PF_R8G8B8,8x1x1) with  hardware generated mipmaps from Image. Internal format is PF_X8R8G8B8,8x1x1.
14:24:34: Finished parsing scripts for resource group Bootstrap
14:24:34: Parsing scripts for resource group General
14:24:34: Parsing script Scene.material
14:24:34: Parsing script Examples.material
14:24:34: Compiler error: reference to a non existing object in Examples.material(253)
14:24:34: OGRE EXCEPTION(6:FileNotFoundException): Cannot locate resource hdr.cg in resource group General or any other group. in ResourceGroupManager::openResource at D:\Mogre BUILD 2012-10\BuildOutput\Main\OgreSrc\ogre\OgreMain\src\OgreResourceGroupManager.cpp (line 753)
14:24:34: High-level program Examples/MorningSkyBoxHDRfp encountered an error during loading and is thus not supported.
OGRE EXCEPTION(6:FileNotFoundException): Cannot locate resource hdr.cg in resource group General or any other group. in ResourceGroupManager::openResource at D:\Mogre BUILD 2012-10\BuildOutput\Main\OgreSrc\ogre\OgreMain\src\OgreResourceGroupManager.cpp (line 753)
14:24:34: OGRE EXCEPTION(6:FileNotFoundException): Cannot locate resource hdr.cg in resource group General or any other group. in ResourceGroupManager::openResource at D:\Mogre BUILD 2012-10\BuildOutput\Main\OgreSrc\ogre\OgreMain\src\OgreResourceGroupManager.cpp (line 753)
14:24:34: High-level program Examples/MorningCubeMapHDRfp encountered an error during loading and is thus not supported.
OGRE EXCEPTION(6:FileNotFoundException): Cannot locate resource hdr.cg in resource group General or any other group. in ResourceGroupManager::openResource at D:\Mogre BUILD 2012-10\BuildOutput\Main\OgreSrc\ogre\OgreMain\src\OgreResourceGroupManager.cpp (line 753)
14:24:34: Compiler error: reference to a non existing object in Examples.material(772)
14:24:34: Compiler error: reference to a non existing object in Examples.material(784)
14:24:34: OGRE EXCEPTION(6:FileNotFoundException): Cannot locate resource Grass.cg in resource group General or any other group. in ResourceGroupManager::openResource at D:\Mogre BUILD 2012-10\BuildOutput\Main\OgreSrc\ogre\OgreMain\src\OgreResourceGroupManager.cpp (line 753)
14:24:34: High-level program Examples/GrassWaverVp encountered an error during loading and is thus not supported.
OGRE EXCEPTION(6:FileNotFoundException): Cannot locate resource Grass.cg in resource group General or any other group. in ResourceGroupManager::openResource at D:\Mogre BUILD 2012-10\BuildOutput\Main\OgreSrc\ogre\OgreMain\src\OgreResourceGroupManager.cpp (line 753)
14:24:34: OGRE EXCEPTION(2:InvalidParametersException): Named constants have not been initialised, perhaps a compile error. in GpuProgramParameters::_findNamedConstantDefinition at D:\Mogre BUILD 2012-10\BuildOutput\Main\OgreSrc\ogre\OgreMain\src\OgreGpuProgramParams.cpp (line 1425)
14:24:34: Compiler error: invalid parameters in Examples.material(835): setting of constant failed
14:24:34: OGRE EXCEPTION(2:InvalidParametersException): Named constants have not been initialised, perhaps a compile error. in GpuProgramParameters::_findNamedConstantDefinition at D:\Mogre BUILD 2012-10\BuildOutput\Main\OgreSrc\ogre\OgreMain\src\OgreGpuProgramParams.cpp (line 1425)
14:24:34: Compiler error: invalid parameters in Examples.material(837): setting of constant failed
14:24:34: OGRE EXCEPTION(2:InvalidParametersException): Named constants have not been initialised, perhaps a compile error. in GpuProgramParameters::_findNamedConstantDefinition at D:\Mogre BUILD 2012-10\BuildOutput\Main\OgreSrc\ogre\OgreMain\src\OgreGpuProgramParams.cpp (line 1425)
14:24:34: Compiler error: invalid parameters in Examples.material(839): setting of constant failed
14:24:34: OGRE EXCEPTION(2:InvalidParametersException): Named constants have not been initialised, perhaps a compile error. in GpuProgramParameters::_findNamedConstantDefinition at D:\Mogre BUILD 2012-10\BuildOutput\Main\OgreSrc\ogre\OgreMain\src\OgreGpuProgramParams.cpp (line 1425)
14:24:34: Compiler error: invalid parameters in Examples.material(840): setting of constant failed
14:24:34: OGRE EXCEPTION(2:InvalidParametersException): Named constants have not been initialised, perhaps a compile error. in GpuProgramParameters::_findNamedConstantDefinition at D:\Mogre BUILD 2012-10\BuildOutput\Main\OgreSrc\ogre\OgreMain\src\OgreGpuProgramParams.cpp (line 1425)
14:24:34: Compiler error: invalid parameters in Examples.material(841): setting of constant failed
14:24:34: OGRE EXCEPTION(2:InvalidParametersException): Named constants have not been initialised, perhaps a compile error. in GpuProgramParameters::_findNamedConstantDefinition at D:\Mogre BUILD 2012-10\BuildOutput\Main\OgreSrc\ogre\OgreMain\src\OgreGpuProgramParams.cpp (line 1425)
14:24:34: Compiler error: invalid parameters in Examples.material(843): setting of constant failed
14:24:34: OGRE EXCEPTION(6:FileNotFoundException): Cannot locate resource Grass.cg in resource group General or any other group. in ResourceGroupManager::openResource at D:\Mogre BUILD 2012-10\BuildOutput\Main\OgreSrc\ogre\OgreMain\src\OgreResourceGroupManager.cpp (line 753)
14:24:34: High-level program Examples/GrassWaverTexVp encountered an error during loading and is thus not supported.
OGRE EXCEPTION(6:FileNotFoundException): Cannot locate resource Grass.cg in resource group General or any other group. in ResourceGroupManager::openResource at D:\Mogre BUILD 2012-10\BuildOutput\Main\OgreSrc\ogre\OgreMain\src\OgreResourceGroupManager.cpp (line 753)
14:24:34: OGRE EXCEPTION(2:InvalidParametersException): Named constants have not been initialised, perhaps a compile error. in GpuProgramParameters::_findNamedConstantDefinition at D:\Mogre BUILD 2012-10\BuildOutput\Main\OgreSrc\ogre\OgreMain\src\OgreGpuProgramParams.cpp (line 1425)
14:24:34: Compiler error: invalid parameters in Examples.material(855): setting of constant failed
14:24:34: OGRE EXCEPTION(2:InvalidParametersException): Named constants have not been initialised, perhaps a compile error. in GpuProgramParameters::_findNamedConstantDefinition at D:\Mogre BUILD 2012-10\BuildOutput\Main\OgreSrc\ogre\OgreMain\src\OgreGpuProgramParams.cpp (line 1425)
14:24:34: Compiler error: invalid parameters in Examples.material(856): setting of constant failed
14:24:34: OGRE EXCEPTION(6:FileNotFoundException): Cannot locate resource Grass.cg in resource group General or any other group. in ResourceGroupManager::openResource at D:\Mogre BUILD 2012-10\BuildOutput\Main\OgreSrc\ogre\OgreMain\src\OgreResourceGroupManager.cpp (line 753)
14:24:34: High-level program Examples/GrassWaverAmbientVp encountered an error during loading and is thus not supported.
OGRE EXCEPTION(6:FileNotFoundException): Cannot locate resource Grass.cg in resource group General or any other group. in ResourceGroupManager::openResource at D:\Mogre BUILD 2012-10\BuildOutput\Main\OgreSrc\ogre\OgreMain\src\OgreResourceGroupManager.cpp (line 753)
14:24:34: OGRE EXCEPTION(2:InvalidParametersException): Named constants have not been initialised, perhaps a compile error. in GpuProgramParameters::_findNamedConstantDefinition at D:\Mogre BUILD 2012-10\BuildOutput\Main\OgreSrc\ogre\OgreMain\src\OgreGpuProgramParams.cpp (line 1425)
14:24:34: Compiler error: invalid parameters in Examples.material(867): setting of constant failed
14:24:34: OGRE EXCEPTION(2:InvalidParametersException): Named constants have not been initialised, perhaps a compile error. in GpuProgramParameters::_findNamedConstantDefinition at D:\Mogre BUILD 2012-10\BuildOutput\Main\OgreSrc\ogre\OgreMain\src\OgreGpuProgramParams.cpp (line 1425)
14:24:34: Compiler error: invalid parameters in Examples.material(868): setting of constant failed
14:24:34: OGRE EXCEPTION(2:InvalidParametersException): Named constants have not been initialised, perhaps a compile error. in GpuProgramParameters::_findNamedConstantDefinition at D:\Mogre BUILD 2012-10\BuildOutput\Main\OgreSrc\ogre\OgreMain\src\OgreGpuProgramParams.cpp (line 1425)
14:24:34: Compiler error: invalid parameters in Examples.material(869): setting of constant failed
14:24:34: OGRE EXCEPTION(6:FileNotFoundException): Cannot locate resource Grass.cg in resource group General or any other group. in ResourceGroupManager::openResource at D:\Mogre BUILD 2012-10\BuildOutput\Main\OgreSrc\ogre\OgreMain\src\OgreResourceGroupManager.cpp (line 753)
14:24:34: High-level program Examples/GrassWaverAmbientFp encountered an error during loading and is thus not supported.
OGRE EXCEPTION(6:FileNotFoundException): Cannot locate resource Grass.cg in resource group General or any other group. in ResourceGroupManager::openResource at D:\Mogre BUILD 2012-10\BuildOutput\Main\OgreSrc\ogre\OgreMain\src\OgreResourceGroupManager.cpp (line 753)
14:24:34: OGRE EXCEPTION(6:FileNotFoundException): Cannot locate resource Grass.cg in resource group General or any other group. in ResourceGroupManager::openResource at D:\Mogre BUILD 2012-10\BuildOutput\Main\OgreSrc\ogre\OgreMain\src\OgreResourceGroupManager.cpp (line 753)
14:24:34: High-level program Examples/GrassWaverFp encountered an error during loading and is thus not supported.
OGRE EXCEPTION(6:FileNotFoundException): Cannot locate resource Grass.cg in resource group General or any other group. in ResourceGroupManager::openResource at D:\Mogre BUILD 2012-10\BuildOutput\Main\OgreSrc\ogre\OgreMain\src\OgreResourceGroupManager.cpp (line 753)
14:24:34: OGRE EXCEPTION(6:FileNotFoundException): Cannot locate resource Grass.cg in resource group General or any other group. in ResourceGroupManager::openResource at D:\Mogre BUILD 2012-10\BuildOutput\Main\OgreSrc\ogre\OgreMain\src\OgreResourceGroupManager.cpp (line 753)
14:24:34: High-level program Examples/GrassWaverCasterVp encountered an error during loading and is thus not supported.
OGRE EXCEPTION(6:FileNotFoundException): Cannot locate resource Grass.cg in resource group General or any other group. in ResourceGroupManager::openResource at D:\Mogre BUILD 2012-10\BuildOutput\Main\OgreSrc\ogre\OgreMain\src\OgreResourceGroupManager.cpp (line 753)
14:24:34: OGRE EXCEPTION(2:InvalidParametersException): Named constants have not been initialised, perhaps a compile error. in GpuProgramParameters::_findNamedConstantDefinition at D:\Mogre BUILD 2012-10\BuildOutput\Main\OgreSrc\ogre\OgreMain\src\OgreGpuProgramParams.cpp (line 1425)
14:24:34: Compiler error: invalid parameters in Examples.material(899): setting of constant failed
14:24:34: OGRE EXCEPTION(2:InvalidParametersException): Named constants have not been initialised, perhaps a compile error. in GpuProgramParameters::_findNamedConstantDefinition at D:\Mogre BUILD 2012-10\BuildOutput\Main\OgreSrc\ogre\OgreMain\src\OgreGpuProgramParams.cpp (line 1425)
14:24:34: Compiler error: invalid parameters in Examples.material(900): setting of constant failed
14:24:34: OGRE EXCEPTION(2:InvalidParametersException): Named constants have not been initialised, perhaps a compile error. in GpuProgramParameters::_findNamedConstantDefinition at D:\Mogre BUILD 2012-10\BuildOutput\Main\OgreSrc\ogre\OgreMain\src\OgreGpuProgramParams.cpp (line 1425)
14:24:34: Compiler error: invalid parameters in Examples.material(901): setting of constant failed
14:24:34: OGRE EXCEPTION(6:FileNotFoundException): Cannot locate resource Grass.cg in resource group General or any other group. in ResourceGroupManager::openResource at D:\Mogre BUILD 2012-10\BuildOutput\Main\OgreSrc\ogre\OgreMain\src\OgreResourceGroupManager.cpp (line 753)
14:24:34: High-level program Examples/GrassWaverCasterFp encountered an error during loading and is thus not supported.
OGRE EXCEPTION(6:FileNotFoundException): Cannot locate resource Grass.cg in resource group General or any other group. in ResourceGroupManager::openResource at D:\Mogre BUILD 2012-10\BuildOutput\Main\OgreSrc\ogre\OgreMain\src\OgreResourceGroupManager.cpp (line 753)
14:24:34: OGRE EXCEPTION(6:FileNotFoundException): Cannot locate resource Grass.cg in resource group General or any other group. in ResourceGroupManager::openResource at D:\Mogre BUILD 2012-10\BuildOutput\Main\OgreSrc\ogre\OgreMain\src\OgreResourceGroupManager.cpp (line 753)
14:24:34: High-level program Examples/GrassWaverReceiverVp encountered an error during loading and is thus not supported.
OGRE EXCEPTION(6:FileNotFoundException): Cannot locate resource Grass.cg in resource group General or any other group. in ResourceGroupManager::openResource at D:\Mogre BUILD 2012-10\BuildOutput\Main\OgreSrc\ogre\OgreMain\src\OgreResourceGroupManager.cpp (line 753)
14:24:34: OGRE EXCEPTION(2:InvalidParametersException): Named constants have not been initialised, perhaps a compile error. in GpuProgramParameters::_findNamedConstantDefinition at D:\Mogre BUILD 2012-10\BuildOutput\Main\OgreSrc\ogre\OgreMain\src\OgreGpuProgramParams.cpp (line 1425)
14:24:34: Compiler error: invalid parameters in Examples.material(922): setting of constant failed
14:24:34: OGRE EXCEPTION(2:InvalidParametersException): Named constants have not been initialised, perhaps a compile error. in GpuProgramParameters::_findNamedConstantDefinition at D:\Mogre BUILD 2012-10\BuildOutput\Main\OgreSrc\ogre\OgreMain\src\OgreGpuProgramParams.cpp (line 1425)
14:24:34: Compiler error: invalid parameters in Examples.material(923): setting of constant failed
14:24:34: OGRE EXCEPTION(2:InvalidParametersException): Named constants have not been initialised, perhaps a compile error. in GpuProgramParameters::_findNamedConstantDefinition at D:\Mogre BUILD 2012-10\BuildOutput\Main\OgreSrc\ogre\OgreMain\src\OgreGpuProgramParams.cpp (line 1425)
14:24:34: Compiler error: invalid parameters in Examples.material(924): setting of constant failed
14:24:34: OGRE EXCEPTION(2:InvalidParametersException): Named constants have not been initialised, perhaps a compile error. in GpuProgramParameters::_findNamedConstantDefinition at D:\Mogre BUILD 2012-10\BuildOutput\Main\OgreSrc\ogre\OgreMain\src\OgreGpuProgramParams.cpp (line 1425)
14:24:34: Compiler error: invalid parameters in Examples.material(926): setting of constant failed
14:24:34: OGRE EXCEPTION(2:InvalidParametersException): Named constants have not been initialised, perhaps a compile error. in GpuProgramParameters::_findNamedConstantDefinition at D:\Mogre BUILD 2012-10\BuildOutput\Main\OgreSrc\ogre\OgreMain\src\OgreGpuProgramParams.cpp (line 1425)
14:24:34: Compiler error: invalid parameters in Examples.material(928): setting of constant failed
14:24:34: OGRE EXCEPTION(2:InvalidParametersException): Named constants have not been initialised, perhaps a compile error. in GpuProgramParameters::_findNamedConstantDefinition at D:\Mogre BUILD 2012-10\BuildOutput\Main\OgreSrc\ogre\OgreMain\src\OgreGpuProgramParams.cpp (line 1425)
14:24:34: Compiler error: invalid parameters in Examples.material(929): setting of constant failed
14:24:34: OGRE EXCEPTION(2:InvalidParametersException): Named constants have not been initialised, perhaps a compile error. in GpuProgramParameters::_findNamedConstantDefinition at D:\Mogre BUILD 2012-10\BuildOutput\Main\OgreSrc\ogre\OgreMain\src\OgreGpuProgramParams.cpp (line 1425)
14:24:34: Compiler error: invalid parameters in Examples.material(931): setting of constant failed
14:24:34: OGRE EXCEPTION(6:FileNotFoundException): Cannot locate resource Grass.cg in resource group General or any other group. in ResourceGroupManager::openResource at D:\Mogre BUILD 2012-10\BuildOutput\Main\OgreSrc\ogre\OgreMain\src\OgreResourceGroupManager.cpp (line 753)
14:24:34: High-level program Examples/GrassWaverReceiverFp encountered an error during loading and is thus not supported.
OGRE EXCEPTION(6:FileNotFoundException): Cannot locate resource Grass.cg in resource group General or any other group. in ResourceGroupManager::openResource at D:\Mogre BUILD 2012-10\BuildOutput\Main\OgreSrc\ogre\OgreMain\src\OgreResourceGroupManager.cpp (line 753)
14:24:34: OGRE EXCEPTION(2:InvalidParametersException): Named constants have not been initialised, perhaps a compile error. in GpuProgramParameters::_findNamedConstantDefinition at D:\Mogre BUILD 2012-10\BuildOutput\Main\OgreSrc\ogre\OgreMain\src\OgreGpuProgramParams.cpp (line 1425)
14:24:34: Compiler error: invalid parameters in Examples.material(945): setting of constant failed
14:24:34: OGRE EXCEPTION(2:InvalidParametersException): Named constants have not been initialised, perhaps a compile error. in GpuProgramParameters::_findNamedConstantDefinition at D:\Mogre BUILD 2012-10\BuildOutput\Main\OgreSrc\ogre\OgreMain\src\OgreGpuProgramParams.cpp (line 1425)
14:24:34: Compiler error: invalid parameters in Examples.material(946): setting of constant failed
14:24:34: OGRE EXCEPTION(2:InvalidParametersException): Named constants have not been initialised, perhaps a compile error. in GpuProgramParameters::_findNamedConstantDefinition at D:\Mogre BUILD 2012-10\BuildOutput\Main\OgreSrc\ogre\OgreMain\src\OgreGpuProgramParams.cpp (line 1425)
14:24:34: Compiler error: invalid parameters in Examples.material(947): setting of constant failed
14:24:34: Compiler error: reference to a non existing object in Examples.material(1281)
14:24:34: Compiler error: reference to a non existing object in Examples.material(1473)
14:24:34: Compiler error: reference to a non existing object in Examples.material(1508)
14:24:34: Compiler error: reference to a non existing object in Examples.material(1617)
14:24:34: Compiler error: reference to a non existing object in Examples.material(1622)
14:24:34: OGRE EXCEPTION(6:FileNotFoundException): Cannot locate resource Example_Basic.cg in resource group General or any other group. in ResourceGroupManager::openResource at D:\Mogre BUILD 2012-10\BuildOutput\Main\OgreSrc\ogre\OgreMain\src\OgreResourceGroupManager.cpp (line 753)
14:24:34: High-level program Examples/ShowTangents_v encountered an error during loading and is thus not supported.
OGRE EXCEPTION(6:FileNotFoundException): Cannot locate resource Example_Basic.cg in resource group General or any other group. in ResourceGroupManager::openResource at D:\Mogre BUILD 2012-10\BuildOutput\Main\OgreSrc\ogre\OgreMain\src\OgreResourceGroupManager.cpp (line 753)
14:24:34: OGRE EXCEPTION(2:InvalidParametersException): Named constants have not been initialised, perhaps a compile error. in GpuProgramParameters::_findNamedConstantDefinition at D:\Mogre BUILD 2012-10\BuildOutput\Main\OgreSrc\ogre\OgreMain\src\OgreGpuProgramParams.cpp (line 1425)
14:24:34: Compiler error: invalid parameters in Examples.material(1696): setting of constant failed
14:24:34: OGRE EXCEPTION(6:FileNotFoundException): Cannot locate resource Example_Basic.cg in resource group General or any other group. in ResourceGroupManager::openResource at D:\Mogre BUILD 2012-10\BuildOutput\Main\OgreSrc\ogre\OgreMain\src\OgreResourceGroupManager.cpp (line 753)
14:24:34: High-level program Examples/ShowNormals_v encountered an error during loading and is thus not supported.
OGRE EXCEPTION(6:FileNotFoundException): Cannot locate resource Example_Basic.cg in resource group General or any other group. in ResourceGroupManager::openResource at D:\Mogre BUILD 2012-10\BuildOutput\Main\OgreSrc\ogre\OgreMain\src\OgreResourceGroupManager.cpp (line 753)
14:24:34: OGRE EXCEPTION(2:InvalidParametersException): Named constants have not been initialised, perhaps a compile error. in GpuProgramParameters::_findNamedConstantDefinition at D:\Mogre BUILD 2012-10\BuildOutput\Main\OgreSrc\ogre\OgreMain\src\OgreGpuProgramParams.cpp (line 1425)
14:24:34: Compiler error: invalid parameters in Examples.material(1706): setting of constant failed
14:24:34: Compiler error: reference to a non existing object in Examples.material(1716)
14:24:34: OGRE EXCEPTION(6:FileNotFoundException): Cannot locate resource Example_Basic.cg in resource group General or any other group. in ResourceGroupManager::openResource at D:\Mogre BUILD 2012-10\BuildOutput\Main\OgreSrc\ogre\OgreMain\src\OgreResourceGroupManager.cpp (line 753)
14:24:34: High-level program Examples/ShowUV_p encountered an error during loading and is thus not supported.
OGRE EXCEPTION(6:FileNotFoundException): Cannot locate resource Example_Basic.cg in resource group General or any other group. in ResourceGroupManager::openResource at D:\Mogre BUILD 2012-10\BuildOutput\Main\OgreSrc\ogre\OgreMain\src\OgreResourceGroupManager.cpp (line 753)
14:24:34: OGRE EXCEPTION(6:FileNotFoundException): Cannot locate resource Example_Basic.cg in resource group General or any other group. in ResourceGroupManager::openResource at D:\Mogre BUILD 2012-10\BuildOutput\Main\OgreSrc\ogre\OgreMain\src\OgreResourceGroupManager.cpp (line 753)
14:24:34: High-level program Examples/ShowUVdir3D encountered an error during loading and is thus not supported.
OGRE EXCEPTION(6:FileNotFoundException): Cannot locate resource Example_Basic.cg in resource group General or any other group. in ResourceGroupManager::openResource at D:\Mogre BUILD 2012-10\BuildOutput\Main\OgreSrc\ogre\OgreMain\src\OgreResourceGroupManager.cpp (line 753)
14:24:34: Parsing script Ogre.material
14:24:34: Parsing script Sinbad.material
14:24:34: Parsing script racecar.material
14:24:34: Parsing script wheel50cmx10cmx50cm.material
14:24:34: Parsing script photon.material
14:24:34: Parsing script cc.material
14:24:34: Parsing script nxogre.zz.particle
14:24:34: Finished parsing scripts for resource group General
14:24:34: Parsing scripts for resource group Internal
14:24:34: Finished parsing scripts for resource group Internal
14:24:34: Demo initialized!
14:24:34: Entering MenuState...
14:24:34: Font SdkTrays/Captionusing texture size 512x256
14:24:34: Info: Freetype returned null for character 160 in font SdkTrays/Caption
14:24:34: Texture: SdkTrays/CaptionTexture: Loading 1 faces(PF_BYTE_LA,512x256x1) with 0 generated mipmaps from Image. Internal format is PF_BYTE_LA,512x256x1.
14:24:34: Font SdkTrays/Valueusing texture size 512x256
14:24:34: Info: Freetype returned null for character 127 in font SdkTrays/Value
14:24:34: Info: Freetype returned null for character 128 in font SdkTrays/Value
14:24:34: Info: Freetype returned null for character 129 in font SdkTrays/Value
14:24:34: Info: Freetype returned null for character 130 in font SdkTrays/Value
14:24:34: Info: Freetype returned null for character 131 in font SdkTrays/Value
14:24:34: Info: Freetype returned null for character 132 in font SdkTrays/Value
14:24:34: Info: Freetype returned null for character 133 in font SdkTrays/Value
14:24:34: Info: Freetype returned null for character 134 in font SdkTrays/Value
14:24:34: Info: Freetype returned null for character 135 in font SdkTrays/Value
14:24:34: Info: Freetype returned null for character 136 in font SdkTrays/Value
14:24:34: Info: Freetype returned null for character 137 in font SdkTrays/Value
14:24:34: Info: Freetype returned null for character 138 in font SdkTrays/Value
14:24:34: Info: Freetype returned null for character 139 in font SdkTrays/Value
14:24:34: Info: Freetype returned null for character 140 in font SdkTrays/Value
14:24:34: Info: Freetype returned null for character 141 in font SdkTrays/Value
14:24:34: Info: Freetype returned null for character 142 in font SdkTrays/Value
14:24:34: Info: Freetype returned null for character 143 in font SdkTrays/Value
14:24:34: Info: Freetype returned null for character 144 in font SdkTrays/Value
14:24:34: Info: Freetype returned null for character 145 in font SdkTrays/Value
14:24:34: Info: Freetype returned null for character 146 in font SdkTrays/Value
14:24:34: Info: Freetype returned null for character 147 in font SdkTrays/Value
14:24:34: Info: Freetype returned null for character 148 in font SdkTrays/Value
14:24:34: Info: Freetype returned null for character 149 in font SdkTrays/Value
14:24:34: Info: Freetype returned null for character 150 in font SdkTrays/Value
14:24:34: Info: Freetype returned null for character 151 in font SdkTrays/Value
14:24:34: Info: Freetype returned null for character 152 in font SdkTrays/Value
14:24:34: Info: Freetype returned null for character 153 in font SdkTrays/Value
14:24:34: Info: Freetype returned null for character 154 in font SdkTrays/Value
14:24:34: Info: Freetype returned null for character 155 in font SdkTrays/Value
14:24:34: Info: Freetype returned null for character 156 in font SdkTrays/Value
14:24:34: Info: Freetype returned null for character 157 in font SdkTrays/Value
14:24:34: Info: Freetype returned null for character 158 in font SdkTrays/Value
14:24:34: Info: Freetype returned null for character 159 in font SdkTrays/Value
14:24:34: Info: Freetype returned null for character 160 in font SdkTrays/Value
14:24:34: Texture: SdkTrays/ValueTexture: Loading 1 faces(PF_BYTE_LA,512x256x1) with 0 generated mipmaps from Image. Internal format is PF_BYTE_LA,512x256x1.
14:24:35: Texture: sdk_button_over.png: Loading 1 faces(PF_A8R8G8B8,128x32x1) with  hardware generated mipmaps from Image. Internal format is PF_A8R8G8B8,128x32x1.
14:24:35: Texture: sdk_button_down.png: Loading 1 faces(PF_A8R8G8B8,128x32x1) with  hardware generated mipmaps from Image. Internal format is PF_A8R8G8B8,128x32x1.
14:24:36: Leaving MenuState...
14:24:36: Entering PhysxState...
14:24:37: Texture: nxogre.floor.png: Loading 1 faces(PF_A8R8G8B8,512x512x1) with  hardware generated mipmaps from Image. Internal format is PF_A8R8G8B8,512x512x1.
14:24:37: Texture: nxogre.floor.shadowalpha.png: Loading 1 faces(PF_R8G8B8,1024x1024x1) with  hardware generated mipmaps from Image. Internal format is PF_X8R8G8B8,1024x1024x1.
14:24:37: Mesh: Loading ogrehead.mesh.
14:24:37: Texture: GreenSkin.jpg: Loading 1 faces(PF_R8G8B8,256x256x1) with  hardware generated mipmaps from Image. Internal format is PF_X8R8G8B8,256x256x1.
14:24:37: Texture: spheremap.png: Loading 1 faces(PF_R8G8B8,256x256x1) with  hardware generated mipmaps from Image. Internal format is PF_X8R8G8B8,256x256x1.
14:24:37: Texture: tusk.jpg: Loading 1 faces(PF_R8G8B8,96x96x1) with 5 generated mipmaps from Image. Internal format is PF_X8R8G8B8,96x96x1.
14:24:37: Texture: spot_shadow_fade.png: Loading 1 faces(PF_R8G8B8,128x128x1) with  hardware generated mipmaps from Image. Internal format is PF_X8R8G8B8,128x128x1.
14:24:46: Pausing PhysxState...
14:24:46: Entering PauseState...
14:24:46: Main loop quit
