11:49:46: Creating resource group General
11:49:46: Creating resource group Internal
11:49:46: Creating resource group Autodetect
11:49:46: SceneManagerFactory for type 'DefaultSceneManager' registered.
11:49:46: Registering ResourceManager for type Material
11:49:46: Registering ResourceManager for type Mesh
11:49:46: Registering ResourceManager for type Skeleton
11:49:46: MovableObjectFactory for type 'ParticleSystem' registered.
11:49:46: OverlayElementFactory for type Panel registered.
11:49:46: OverlayElementFactory for type BorderPanel registered.
11:49:46: OverlayElementFactory for type TextArea registered.
11:49:46: Registering ResourceManager for type Font
11:49:46: ArchiveFactory for archive type FileSystem registered.
11:49:46: ArchiveFactory for archive type Zip registered.
11:49:46: DDS codec registering
11:49:46: FreeImage version: 3.13.1
11:49:46: This program uses FreeImage, a free, open source image library supporting all common bitmap formats. See http://freeimage.sourceforge.net for details
11:49:46: Supported formats: bmp,ico,jpg,jif,jpeg,jpe,jng,koa,iff,lbm,mng,pbm,pbm,pcd,pcx,pgm,pgm,png,ppm,ppm,ras,tga,targa,tif,tiff,wap,wbmp,wbm,psd,cut,xbm,xpm,gif,hdr,g3,sgi,exr,j2k,j2c,jp2,pfm,pct,pict,pic,bay,bmq,cr2,crw,cs1,dc2,dcr,dng,erf,fff,hdr,k25,kdc,mdc,mos,mrw,nef,orf,pef,pxn,raf,raw,rdc,sr2,srf,arw,3fr,cine,ia,kc2,mef,nrw,qtk,rw2,sti,drf,dsc,ptx,cap,iiq,rwz
11:49:46: PVRTC codec registering
11:49:46: Registering ResourceManager for type HighLevelGpuProgram
11:49:46: Registering ResourceManager for type Compositor
11:49:46: MovableObjectFactory for type 'Entity' registered.
11:49:46: MovableObjectFactory for type 'Light' registered.
11:49:46: MovableObjectFactory for type 'BillboardSet' registered.
11:49:46: MovableObjectFactory for type 'ManualObject' registered.
11:49:46: MovableObjectFactory for type 'BillboardChain' registered.
11:49:46: MovableObjectFactory for type 'RibbonTrail' registered.
11:49:46: Loading library .\RenderSystem_Direct3D9
11:49:46: Installing plugin: D3D9 RenderSystem
11:49:46: D3D9 : Direct3D9 Rendering Subsystem created.
11:49:46: D3D9: Driver Detection Starts
11:49:46: D3D9: Driver Detection Ends
11:49:46: Plugin successfully installed
11:49:46: Loading library .\RenderSystem_GL
11:49:46: Installing plugin: GL RenderSystem
11:49:46: OpenGL Rendering Subsystem created.
11:49:46: Plugin successfully installed
11:49:46: Loading library .\Plugin_ParticleFX
11:49:46: Installing plugin: ParticleFX
11:49:46: Particle Emitter Type 'Point' registered
11:49:46: Particle Emitter Type 'Box' registered
11:49:46: Particle Emitter Type 'Ellipsoid' registered
11:49:46: Particle Emitter Type 'Cylinder' registered
11:49:46: Particle Emitter Type 'Ring' registered
11:49:46: Particle Emitter Type 'HollowEllipsoid' registered
11:49:46: Particle Affector Type 'LinearForce' registered
11:49:46: Particle Affector Type 'ColourFader' registered
11:49:46: Particle Affector Type 'ColourFader2' registered
11:49:46: Particle Affector Type 'ColourImage' registered
11:49:46: Particle Affector Type 'ColourInterpolator' registered
11:49:46: Particle Affector Type 'Scaler' registered
11:49:46: Particle Affector Type 'Rotator' registered
11:49:46: Particle Affector Type 'DirectionRandomiser' registered
11:49:46: Particle Affector Type 'DeflectorPlane' registered
11:49:46: Plugin successfully installed
11:49:46: Loading library .\Plugin_BSPSceneManager
11:49:46: Installing plugin: BSP Scene Manager
11:49:46: Plugin successfully installed
11:49:46: Loading library .\Plugin_OctreeSceneManager
11:49:46: Installing plugin: Octree & Terrain Scene Manager
11:49:46: Plugin successfully installed
11:49:46: Loading library .\Plugin_CgProgramManager
11:49:46: Installing plugin: Cg Program Manager
11:49:46: Plugin successfully installed
11:49:46: *-*-* OGRE Initialising
11:49:46: *-*-* Version 1.7.1 (Cthugha)
